{
  message: 'development',
  level: 'info',
  label: 'PH',
  timestamp: '2023-07-20T15:15:27.909Z'
}
{
  message: 'Database is connected successfully',
  level: 'info',
  label: 'PH',
  timestamp: '2023-07-20T15:15:33.833Z'
}
{
  message: 'Applicaiton app listening on port 5000',
  level: 'info',
  label: 'PH',
  timestamp: '2023-07-20T15:15:33.840Z'
}
{
  message: 'development',
  level: 'info',
  label: 'PH',
  timestamp: '2023-07-20T15:20:00.750Z'
}
{
  message: 'Database is connected successfully',
  level: 'info',
  label: 'PH',
  timestamp: '2023-07-20T15:20:09.035Z'
}
{
  message: 'Applicaiton app listening on port 5000',
  level: 'info',
  label: 'PH',
  timestamp: '2023-07-20T15:20:09.041Z'
}
{
  message: 'development',
  level: 'info',
  label: 'PH',
  timestamp: '2023-07-20T15:23:03.503Z'
}
{
  message: 'Database is connected successfully',
  level: 'info',
  label: 'PH',
  timestamp: '2023-07-20T15:23:07.590Z'
}
{
  message: 'Applicaiton app listening on port 5000',
  level: 'info',
  label: 'PH',
  timestamp: '2023-07-20T15:23:07.597Z'
}
{
  message: 'development',
  level: 'info',
  label: 'PH',
  timestamp: '2023-07-20T15:23:22.241Z'
}
{
  message: 'Database is connected successfully',
  level: 'info',
  label: 'PH',
  timestamp: '2023-07-20T15:23:27.119Z'
}
{
  message: 'Applicaiton app listening on port 5000',
  level: 'info',
  label: 'PH',
  timestamp: '2023-07-20T15:23:27.125Z'
}
