{
  message: 'development',
  level: 'info',
  label: 'PH',
  timestamp: '2023-07-26T17:14:39.251Z'
}
{
  message: 'Database is connected successfully',
  level: 'info',
  label: 'PH',
  timestamp: '2023-07-26T17:14:42.153Z'
}
{
  message: 'Applicaiton app listening on port 5000',
  level: 'info',
  label: 'PH',
  timestamp: '2023-07-26T17:14:42.164Z'
}
{
  message: 'development',
  level: 'info',
  label: 'PH',
  timestamp: '2023-07-26T17:16:33.289Z'
}
{
  message: 'Database is connected successfully',
  level: 'info',
  label: 'PH',
  timestamp: '2023-07-26T17:16:36.177Z'
}
{
  message: 'Applicaiton app listening on port 5000',
  level: 'info',
  label: 'PH',
  timestamp: '2023-07-26T17:16:36.190Z'
}
{
  message: 'development',
  level: 'info',
  label: 'PH',
  timestamp: '2023-07-26T17:17:12.948Z'
}
{
  message: 'Database is connected successfully',
  level: 'info',
  label: 'PH',
  timestamp: '2023-07-26T17:17:20.643Z'
}
{
  message: 'Applicaiton app listening on port 5000',
  level: 'info',
  label: 'PH',
  timestamp: '2023-07-26T17:17:20.654Z'
}
{
  message: 'development',
  level: 'info',
  label: 'PH',
  timestamp: '2023-07-26T17:17:42.890Z'
}
{
  message: 'Database is connected successfully',
  level: 'info',
  label: 'PH',
  timestamp: '2023-07-26T17:17:45.625Z'
}
{
  message: 'Applicaiton app listening on port 5000',
  level: 'info',
  label: 'PH',
  timestamp: '2023-07-26T17:17:45.634Z'
}
{
  message: 'development',
  level: 'info',
  label: 'PH',
  timestamp: '2023-07-26T17:18:07.991Z'
}
{
  message: 'Database is connected successfully',
  level: 'info',
  label: 'PH',
  timestamp: '2023-07-26T17:18:10.666Z'
}
{
  message: 'Applicaiton app listening on port 5000',
  level: 'info',
  label: 'PH',
  timestamp: '2023-07-26T17:18:10.675Z'
}
{
  message: 'development',
  level: 'info',
  label: 'PH',
  timestamp: '2023-07-26T17:18:38.983Z'
}
{
  message: 'Database is connected successfully',
  level: 'info',
  label: 'PH',
  timestamp: '2023-07-26T17:18:41.803Z'
}
{
  message: 'Applicaiton app listening on port 5000',
  level: 'info',
  label: 'PH',
  timestamp: '2023-07-26T17:18:41.815Z'
}
{
  message: 'development',
  level: 'info',
  label: 'PH',
  timestamp: '2023-07-26T17:19:52.877Z'
}
{
  message: 'development',
  level: 'info',
  label: 'PH',
  timestamp: '2023-07-26T17:19:56.211Z'
}
{
  message: 'Database is connected successfully',
  level: 'info',
  label: 'PH',
  timestamp: '2023-07-26T17:19:59.912Z'
}
{
  message: 'Applicaiton app listening on port 5000',
  level: 'info',
  label: 'PH',
  timestamp: '2023-07-26T17:19:59.922Z'
}
{
  message: 'development',
  level: 'info',
  label: 'PH',
  timestamp: '2023-07-26T17:20:22.964Z'
}
{
  message: 'Database is connected successfully',
  level: 'info',
  label: 'PH',
  timestamp: '2023-07-26T17:20:25.622Z'
}
{
  message: 'Applicaiton app listening on port 5000',
  level: 'info',
  label: 'PH',
  timestamp: '2023-07-26T17:20:25.632Z'
}
{
  message: 'development',
  level: 'info',
  label: 'PH',
  timestamp: '2023-07-26T17:21:36.354Z'
}
{
  message: 'Database is connected successfully',
  level: 'info',
  label: 'PH',
  timestamp: '2023-07-26T17:21:39.034Z'
}
{
  message: 'Applicaiton app listening on port 5000',
  level: 'info',
  label: 'PH',
  timestamp: '2023-07-26T17:21:39.043Z'
}
{
  message: 'development',
  level: 'info',
  label: 'PH',
  timestamp: '2023-07-26T17:29:48.837Z'
}
{
  message: 'Database is connected successfully',
  level: 'info',
  label: 'PH',
  timestamp: '2023-07-26T17:29:51.516Z'
}
{
  message: 'Applicaiton app listening on port 5000',
  level: 'info',
  label: 'PH',
  timestamp: '2023-07-26T17:29:51.525Z'
}
