{
  message: 'development',
  level: 'info',
  label: 'PH',
  timestamp: '2023-07-25T15:17:19.833Z'
}
{
  message: 'Database is connected successfully',
  level: 'info',
  label: 'PH',
  timestamp: '2023-07-25T15:17:22.570Z'
}
{
  message: 'Applicaiton app listening on port 5000',
  level: 'info',
  label: 'PH',
  timestamp: '2023-07-25T15:17:22.579Z'
}
{
  message: 'development',
  level: 'info',
  label: 'PH',
  timestamp: '2023-07-25T15:18:04.180Z'
}
{
  message: 'Database is connected successfully',
  level: 'info',
  label: 'PH',
  timestamp: '2023-07-25T15:18:06.871Z'
}
{
  message: 'Applicaiton app listening on port 5000',
  level: 'info',
  label: 'PH',
  timestamp: '2023-07-25T15:18:06.885Z'
}
{
  message: 'development',
  level: 'info',
  label: 'PH',
  timestamp: '2023-07-25T15:18:12.702Z'
}
{
  message: 'Database is connected successfully',
  level: 'info',
  label: 'PH',
  timestamp: '2023-07-25T15:18:15.413Z'
}
{
  message: 'Applicaiton app listening on port 5000',
  level: 'info',
  label: 'PH',
  timestamp: '2023-07-25T15:18:15.422Z'
}
{
  message: 'development',
  level: 'info',
  label: 'PH',
  timestamp: '2023-07-25T15:18:45.337Z'
}
{
  message: 'Database is connected successfully',
  level: 'info',
  label: 'PH',
  timestamp: '2023-07-25T15:18:47.974Z'
}
{
  message: 'Applicaiton app listening on port 5000',
  level: 'info',
  label: 'PH',
  timestamp: '2023-07-25T15:18:47.985Z'
}
{
  message: 'development',
  level: 'info',
  label: 'PH',
  timestamp: '2023-07-25T15:21:55.313Z'
}
{
  message: 'Database is connected successfully',
  level: 'info',
  label: 'PH',
  timestamp: '2023-07-25T15:21:58.087Z'
}
{
  message: 'Applicaiton app listening on port 5000',
  level: 'info',
  label: 'PH',
  timestamp: '2023-07-25T15:21:58.094Z'
}
{
  message: 'development',
  level: 'info',
  label: 'PH',
  timestamp: '2023-07-25T15:22:19.573Z'
}
{
  message: 'Database is connected successfully',
  level: 'info',
  label: 'PH',
  timestamp: '2023-07-25T15:22:22.158Z'
}
{
  message: 'Applicaiton app listening on port 5000',
  level: 'info',
  label: 'PH',
  timestamp: '2023-07-25T15:22:22.171Z'
}
{
  message: 'development',
  level: 'info',
  label: 'PH',
  timestamp: '2023-07-25T15:23:01.998Z'
}
{
  message: 'Database is connected successfully',
  level: 'info',
  label: 'PH',
  timestamp: '2023-07-25T15:23:04.721Z'
}
{
  message: 'Applicaiton app listening on port 5000',
  level: 'info',
  label: 'PH',
  timestamp: '2023-07-25T15:23:04.734Z'
}
{
  message: 'development',
  level: 'info',
  label: 'PH',
  timestamp: '2023-07-25T15:23:58.382Z'
}
{
  message: 'Database is connected successfully',
  level: 'info',
  label: 'PH',
  timestamp: '2023-07-25T15:24:06.142Z'
}
{
  message: 'Applicaiton app listening on port 5000',
  level: 'info',
  label: 'PH',
  timestamp: '2023-07-25T15:24:06.160Z'
}
{
  message: 'development',
  level: 'info',
  label: 'PH',
  timestamp: '2023-07-25T15:24:33.291Z'
}
{
  message: 'Database is connected successfully',
  level: 'info',
  label: 'PH',
  timestamp: '2023-07-25T15:24:35.963Z'
}
{
  message: 'Applicaiton app listening on port 5000',
  level: 'info',
  label: 'PH',
  timestamp: '2023-07-25T15:24:35.974Z'
}
