{
  message: 'development',
  level: 'info',
  label: 'PH',
  timestamp: '2023-07-25T12:04:41.739Z'
}
{
  message: 'Database is connected successfully',
  level: 'info',
  label: 'PH',
  timestamp: '2023-07-25T12:04:44.650Z'
}
{
  message: 'Applicaiton app listening on port 5000',
  level: 'info',
  label: 'PH',
  timestamp: '2023-07-25T12:04:44.661Z'
}
{
  message: 'development',
  level: 'info',
  label: 'PH',
  timestamp: '2023-07-25T12:09:17.542Z'
}
{
  message: 'Database is connected successfully',
  level: 'info',
  label: 'PH',
  timestamp: '2023-07-25T12:09:20.278Z'
}
{
  message: 'Applicaiton app listening on port 5000',
  level: 'info',
  label: 'PH',
  timestamp: '2023-07-25T12:09:20.292Z'
}
{
  message: 'development',
  level: 'info',
  label: 'PH',
  timestamp: '2023-07-25T12:10:55.657Z'
}
{
  message: 'Database is connected successfully',
  level: 'info',
  label: 'PH',
  timestamp: '2023-07-25T12:10:58.336Z'
}
{
  message: 'Applicaiton app listening on port 5000',
  level: 'info',
  label: 'PH',
  timestamp: '2023-07-25T12:10:58.347Z'
}
